2026-01-24 13:50:15 - INFO - Anulowano lub blad wyboru.
2026-01-24 13:50:35 - INFO - START PROCESU. Kategoria: OSOBOWE | Rok od: 2017 | Marka: mazda
2026-01-24 13:50:35 - INFO - Liczba modeli do sprawdzenia: 7
2026-01-24 13:50:37 - INFO - Przetwarzanie modelu: mazda 2
2026-01-24 13:50:37 - INFO - Otomoto start [osobowe]: mazda 2
2026-01-24 13:50:37 - INFO - Otomoto page 1...
2026-01-24 13:50:44 - INFO - Extractor: Znaleziono 32 ofert na liście.
2026-01-24 13:50:47 - INFO - OK: 40900 PLN | Gen: III (2015-2023) | Wer: SKYACTIV-G 90 Exclusive-Line
2026-01-24 13:50:49 - INFO - OK: 50000 PLN | Gen: III (2015-2023) | Wer: 1.5 Skypassion
2026-01-24 13:50:52 - INFO - OK: 69000 PLN | Gen: III (2015-2023) | Wer: None
2026-01-24 13:50:54 - INFO - OK: 66900 PLN | Gen: IV (2023-) | Wer: None
2026-01-24 13:50:57 - INFO - OK: 89900 PLN | Gen: IV (2023-) | Wer: None
2026-01-24 13:50:59 - INFO - OK: 41900 PLN | Gen: III (2015-2023) | Wer: SKYACTIV-G 90 Exclusive-Line
2026-01-24 13:51:02 - INFO - OK: 39900 PLN | Gen: III (2015-2023) | Wer: 1.5 Skypassion i-ELoop
2026-01-24 13:51:04 - INFO - OK: 51555 PLN | Gen: III (2015-2023) | Wer: SKYACTIV-G 90 Exclusive-Line
2026-01-24 13:51:06 - INFO - OK: 66000 PLN | Gen: IV (2023-) | Wer: SKYACTIV-G 75 Prime-Line
2026-01-24 13:51:09 - INFO - OK: 37900 PLN | Gen: III (2015-2023) | Wer: SKYACTIV-G 75 Exclusive-Line
2026-01-24 13:51:12 - INFO - OK: 41900 PLN | Gen: III (2015-2023) | Wer: SKYACTIV-G 90 Sports-Line
2026-01-24 13:51:13 - INFO - OK: 46500 PLN | Gen: III (2015-2023) | Wer: 1.5 Skymotion
2026-01-24 13:51:16 - WARNING - Proces zatrzymany przez uzytkownika (Ctrl+C).
2026-01-24 13:51:28 - INFO - Zakonczono prace.
2026-01-24 14:04:29 - INFO - START PROCESU. Kategoria: OSOBOWE | Rok od: 2017 | Marka: mazda
2026-01-24 14:04:29 - INFO - Liczba modeli do sprawdzenia: 7
2026-01-24 14:04:31 - INFO - Przetwarzanie modelu: mazda 2
2026-01-24 14:04:31 - INFO - Otomoto start [osobowe]: mazda 2
2026-01-24 14:04:31 - INFO - Otomoto page 1...
2026-01-24 14:04:39 - INFO - Extractor: Znaleziono 32 ofert na liście.
2026-01-24 14:04:42 - INFO - OK: 40900 PLN | Gen: III (2015-2023) | Wer: SKYACTIV-G 90 Exclusive-Line
2026-01-24 14:04:44 - INFO - OK: 50000 PLN | Gen: III (2015-2023) | Wer: 1.5 Skypassion
2026-01-24 14:04:47 - INFO - OK: 69000 PLN | Gen: III (2015-2023) | Wer: None
2026-01-24 14:04:49 - INFO - OK: 66900 PLN | Gen: IV (2023-) | Wer: None
2026-01-24 14:04:51 - INFO - OK: 89900 PLN | Gen: IV (2023-) | Wer: None
2026-01-24 14:04:54 - INFO - OK: 41900 PLN | Gen: III (2015-2023) | Wer: SKYACTIV-G 90 Exclusive-Line
2026-01-24 14:04:57 - INFO - OK: 39900 PLN | Gen: III (2015-2023) | Wer: 1.5 Skymotion
2026-01-24 14:05:00 - INFO - OK: 51555 PLN | Gen: III (2015-2023) | Wer: SKYACTIV-G 90 Exclusive-Line
2026-01-24 14:05:02 - INFO - OK: 66000 PLN | Gen: IV (2023-) | Wer: SKYACTIV-G 75 Prime-Line
2026-01-24 14:05:05 - INFO - OK: 37900 PLN | Gen: III (2015-2023) | Wer: SKYACTIV-G 75 Exclusive-Line
2026-01-24 14:05:07 - INFO - OK: 41900 PLN | Gen: III (2015-2023) | Wer: SKYACTIV-G 90 Sports-Line
2026-01-24 14:05:09 - INFO - OK: 39900 PLN | Gen: III (2015-2023) | Wer: 1.5 Skypassion i-ELoop
2026-01-24 14:05:11 - INFO - OK: 46500 PLN | Gen: III (2015-2023) | Wer: 1.5 Skymotion
2026-01-24 14:05:13 - INFO - OK: 67000 PLN | Gen: IV (2023-) | Wer: None
2026-01-24 14:05:15 - INFO - OK: 76200 PLN | Gen: IV (2023-) | Wer: None
2026-01-24 14:05:17 - INFO - OK: 40000 PLN | Gen: III (2015-2023) | Wer: 1.5 Skypassion
2026-01-24 14:05:20 - INFO - OK: 44900 PLN | Gen: III (2015-2023) | Wer: 1.5 Skyenergy
2026-01-24 14:05:23 - INFO - OK: 29990 PLN | Gen: III (2015-2023) | Wer: SKYACTIV-G 75 Center-Line
2026-01-24 14:05:25 - INFO - OK: 54555 PLN | Gen: III (2015-2023) | Wer: SKYACTIV-G 90 Exclusive-Line
2026-01-24 14:05:27 - INFO - OK: 70900 PLN | Gen: III (2015-2023) | Wer: None
2026-01-24 14:05:29 - INFO - OK: 52950 PLN | Gen: III (2015-2023) | Wer: SKYACTIV-G 75 Center-Line
2026-01-24 14:05:33 - INFO - OK: 68900 PLN | Gen: III (2015-2023) | Wer: SKYACTIV-G 90 Red Edition
2026-01-24 14:05:34 - WARNING - Proces zatrzymany przez uzytkownika (Ctrl+C).
2026-01-24 14:05:50 - INFO - Zakonczono prace.
